<?xml version="1.0" encoding="UTF-8"?>
<!-- Generated by org.testng.reporters.JUnitXMLReporter -->
<testsuite ignored="0" hostname="DESKTOP-LQS24JT" failures="0" tests="7" name="Test" time="27.274" errors="0" timestamp="2023-07-19T01:39:58 IST">
  <testcase classname="testcases.brokenImageLink" name="setupDriver" time="13.501"/>
  <testcase classname="testcases.brokenImageLink" name="test01" time="4.284"/>
  <testcase classname="testcases.brokenImageLink" name="test02" time="0.662"/>
  <testcase classname="testcases.brokenImageLink" name="test03" time="0.68"/>
  <testcase classname="testcases.brokenImageLink" name="test04" time="0.685"/>
  <testcase classname="testcases.fileUpload" name="setupDriver" time="5.158"/>
  <testcase classname="testcases.fileUpload" name="test01" time="1.883"/>
</testsuite> <!-- Test -->
