<?xml version="1.0" encoding="UTF-8"?>
<testng-results ignored="0" total="7" passed="7" failed="0" skipped="0">
  <reporter-output>
  </reporter-output>
  <suite started-at="2023-07-19T01:39:30 IST" name="Suite" finished-at="2023-07-19T01:39:58 IST" duration-ms="27274">
    <groups>
    </groups>
    <test started-at="2023-07-19T01:39:30 IST" name="Test" finished-at="2023-07-19T01:39:58 IST" duration-ms="27274">
      <class name="testcases.brokenImageLink">
        <test-method signature="setupDriver()[pri:0, instance:testcases.brokenImageLink@4d1c005e]" started-at="2023-07-19T01:39:30 IST" name="setupDriver" finished-at="2023-07-19T01:39:44 IST" duration-ms="13501" status="PASS">
          <reporter-output>
          </reporter-output>
        </test-method> <!-- setupDriver -->
        <test-method signature="test01()[pri:0, instance:testcases.brokenImageLink@4d1c005e]" started-at="2023-07-19T01:39:44 IST" name="test01" finished-at="2023-07-19T01:39:48 IST" duration-ms="4284" status="PASS">
          <reporter-output>
          </reporter-output>
        </test-method> <!-- test01 -->
        <test-method signature="test02()[pri:0, instance:testcases.brokenImageLink@4d1c005e]" started-at="2023-07-19T01:39:48 IST" name="test02" finished-at="2023-07-19T01:39:49 IST" duration-ms="662" status="PASS">
          <reporter-output>
          </reporter-output>
        </test-method> <!-- test02 -->
        <test-method signature="test03()[pri:0, instance:testcases.brokenImageLink@4d1c005e]" started-at="2023-07-19T01:39:49 IST" name="test03" finished-at="2023-07-19T01:39:50 IST" duration-ms="680" status="PASS">
          <reporter-output>
          </reporter-output>
        </test-method> <!-- test03 -->
        <test-method signature="test04()[pri:0, instance:testcases.brokenImageLink@4d1c005e]" started-at="2023-07-19T01:39:50 IST" name="test04" finished-at="2023-07-19T01:39:50 IST" duration-ms="685" status="PASS">
          <reporter-output>
          </reporter-output>
        </test-method> <!-- test04 -->
      </class> <!-- testcases.brokenImageLink -->
      <class name="testcases.fileUpload">
        <test-method signature="setupDriver()[pri:0, instance:testcases.fileUpload@1033576a]" started-at="2023-07-19T01:39:50 IST" name="setupDriver" finished-at="2023-07-19T01:39:56 IST" duration-ms="5158" status="PASS">
          <reporter-output>
          </reporter-output>
        </test-method> <!-- setupDriver -->
        <test-method signature="test01()[pri:0, instance:testcases.fileUpload@1033576a]" started-at="2023-07-19T01:39:56 IST" name="test01" finished-at="2023-07-19T01:39:58 IST" duration-ms="1883" status="PASS">
          <reporter-output>
          </reporter-output>
        </test-method> <!-- test01 -->
      </class> <!-- testcases.fileUpload -->
    </test> <!-- Test -->
  </suite> <!-- Suite -->
</testng-results>
